Analyzing modules ...
Cleaning obsolete IDEA project files ...
Writing 118 IDEA project files to /mnt/c/Users/tycja/IdeaProjects/ytPlaylistDownloader/.idea ...
Writing misc.xml ...
Writing scala_settings.xml ...
Writing modules.xml ...
Writing mill_modules/mill-build.iml ...
Writing scala_compiler.xml ...
Writing libraries/shapeless_2_13_2_3_3_jar.xml ...
Writing libraries/ammonite_compiler_interface_2_13_7_2_5_0_jar.xml ...
Writing libraries/ammonite_compiler_2_13_7_2_5_0_jar.xml ...
Writing libraries/ammonite_interp_api_2_13_7_2_5_0_jar.xml ...
Writing libraries/ammonite_interp_2_13_7_2_5_0_jar.xml ...
Writing libraries/ammonite_repl_api_2_13_7_2_5_0_jar.xml ...
Writing libraries/ammonite_repl_2_13_7_2_5_0_jar.xml ...
Writing libraries/ammonite_runtime_2_13_7_2_5_0_jar.xml ...
Writing libraries/ammonite_terminal_2_13_2_5_0_jar.xml ...
Writing libraries/ammonite_util_2_13_2_5_0_jar.xml ...
Writing libraries/ammonite_2_13_7_2_5_0_jar.xml ...
Writing libraries/fansi_2_13_0_3_0_jar.xml ...
Writing libraries/fastparse_2_13_2_3_0_jar.xml ...
Writing libraries/geny_2_13_0_7_0_jar.xml ...
Writing libraries/mainargs_2_13_0_2_2_jar.xml ...
Writing libraries/mill_bsp_2_13_0_10_0_M5_jar.xml ...
Writing libraries/mill_main_api_2_13_0_10_0_M5_jar.xml ...
Writing libraries/mill_main_client_0_10_0_M5_jar.xml ...
Writing libraries/mill_main_core_2_13_0_10_0_M5_jar.xml ...
Writing libraries/mill_main_moduledefs_2_13_0_10_0_M5_jar.xml ...
Writing libraries/mill_main_util_2_13_0_10_0_M5_jar.xml ...
Writing libraries/mill_main_2_13_0_10_0_M5_jar.xml ...
Writing libraries/mill_scalajslib_api_2_13_0_10_0_M5_jar.xml ...
Writing libraries/mill_scalajslib_2_13_0_10_0_M5_jar.xml ...
Writing libraries/mill_scalalib_api_2_13_0_10_0_M5_jar.xml ...
Writing libraries/mill_scalalib_2_13_0_10_0_M5_jar.xml ...
Writing libraries/mill_scalanativelib_api_0_10_0_M5_jar.xml ...
Writing libraries/mill_scalanativelib_2_13_0_10_0_M5_jar.xml ...
Writing libraries/mill_testrunner_2_13_0_10_0_M5_jar.xml ...
Writing libraries/os_lib_2_13_0_8_0_jar.xml ...
Writing libraries/pprint_2_13_0_7_1_jar.xml ...
Writing libraries/requests_2_13_0_7_0_jar.xml ...
Writing libraries/scalaparse_2_13_2_3_0_jar.xml ...
Writing libraries/sourcecode_2_13_0_2_7_jar.xml ...
Writing libraries/ujson_2_13_1_4_3_jar.xml ...
Writing libraries/upack_2_13_1_4_3_jar.xml ...
Writing libraries/upickle_core_2_13_1_4_3_jar.xml ...
Writing libraries/upickle_implicits_2_13_1_4_3_jar.xml ...
Writing libraries/upickle_2_13_1_4_3_jar.xml ...
Writing libraries/utest_2_13_0_7_5_jar.xml ...
Writing libraries/config_1_4_1_jar.xml ...
Writing libraries/argonaut_2_13_6_2_5_jar.xml ...
Writing libraries/coursier_cache_2_13_2_0_16_200_ge888c6dea_jar.xml ...
Writing libraries/coursier_core_2_13_2_0_16_200_ge888c6dea_jar.xml ...
Writing libraries/coursier_util_2_13_2_0_16_200_ge888c6dea_jar.xml ...
Writing libraries/coursier_2_13_2_0_16_200_ge888c6dea_jar.xml ...
Writing libraries/interface_0_0_21_jar.xml ...
Writing libraries/jsr250_api_1_0_jar.xml ...
Writing libraries/cdi_api_1_0_jar.xml ...
Writing libraries/javax_inject_1_jar.xml ...
Writing libraries/checker_qual_2_5_2_jar.xml ...
Writing libraries/javassist_3_21_0_GA_jar.xml ...
Writing libraries/jline_3_20_0_jar.xml ...
Writing libraries/jline_reader_3_14_1_jar.xml ...
Writing libraries/jline_terminal_3_14_1_jar.xml ...
Writing libraries/jline_terminal_jna_3_14_1_jar.xml ...
Writing libraries/portable_scala_reflect_2_13_0_1_1_jar.xml ...
Writing libraries/scala_compiler_2_13_7_jar.xml ...
Writing libraries/scala_library_2_13_7_jar.xml ...
Writing libraries/scala_library_2_13_8_jar.xml ...
Writing libraries/scala_reflect_2_13_7_jar.xml ...
Writing libraries/test_interface_1_0_jar.xml ...
Writing libraries/common_2_13_4_4_31_jar.xml ...
Writing libraries/fastparse_v2_2_13_2_3_1_jar.xml ...
Writing libraries/scalafmt_dynamic_2_13_3_0_8_jar.xml ...
Writing libraries/scalafmt_interfaces_3_0_8_jar.xml ...
Writing libraries/trees_2_13_4_4_31_jar.xml ...
Writing libraries/bsp4j_2_0_0_jar.xml ...
Writing libraries/jarjar_1_8_0_jar.xml ...
Writing libraries/jarjar_abrams_core_2_13_1_8_0_jar.xml ...
Writing libraries/argonaut_shapeless_6_2_2_13_1_2_0_jar.xml ...
Writing libraries/javaparser_core_3_2_5_jar.xml ...
Writing libraries/error_prone_annotations_2_2_0_jar.xml ...
Writing libraries/failureaccess_1_0_1_jar.xml ...
Writing libraries/guava_27_1_jre_jar.xml ...
Writing libraries/listenablefuture_9999_0_empty_to_avoid_conflict_with_guava_jar.xml ...
Writing libraries/j2objc_annotations_1_1_jar.xml ...
Writing libraries/protobuf_java_3_15_8_jar.xml ...
Writing libraries/lenses_2_13_0_11_4_jar.xml ...
Writing libraries/scalapb_runtime_2_13_0_11_4_jar.xml ...
Writing libraries/windows_jni_utils_0_3_2_jar.xml ...
Writing libraries/concurrent_reference_hash_map_1_1_0_jar.xml ...
Writing libraries/ant_1_9_9_jar.xml ...
Writing libraries/ant_launcher_1_9_9_jar.xml ...
Writing libraries/commons_lang3_3_8_1_jar.xml ...
Writing libraries/maven_artifact_3_3_9_jar.xml ...
Writing libraries/maven_model_3_3_9_jar.xml ...
Writing libraries/maven_plugin_api_3_3_9_jar.xml ...
Writing libraries/animal_sniffer_annotations_1_17_jar.xml ...
Writing libraries/plexus_classworlds_2_5_2_jar.xml ...
Writing libraries/plexus_component_annotations_1_5_5_jar.xml ...
Writing libraries/plexus_utils_3_0_22_jar.xml ...
Writing libraries/org_eclipse_lsp4j_generator_0_12_0_jar.xml ...
Writing libraries/org_eclipse_lsp4j_jsonrpc_0_12_0_jar.xml ...
Writing libraries/org_eclipse_sisu_inject_0_3_2_jar.xml ...
Writing libraries/org_eclipse_sisu_plexus_0_3_2_jar.xml ...
Writing libraries/org_eclipse_xtend_lib_2_24_0_jar.xml ...
Writing libraries/org_eclipse_xtend_lib_macro_2_24_0_jar.xml ...
Writing libraries/org_eclipse_xtext_xbase_lib_2_24_0_jar.xml ...
Writing libraries/jansi_1_18_jar.xml ...
Writing libraries/asm_9_2_jar.xml ...
Writing libraries/asm_analysis_9_2_jar.xml ...
Writing libraries/asm_commons_9_2_jar.xml ...
Writing libraries/asm_tree_9_2_jar.xml ...
Writing libraries/scala_collection_compat_2_13_2_6_0_jar.xml ...
Writing libraries/scala_xml_2_13_2_0_1_jar.xml ...
Writing libraries/ipcsocket_1_0_1_jar.xml ...
Writing libraries/jsr305_3_0_2_jar.xml ...
Writing libraries/gson_2_8_9_jar.xml ...
Writing libraries/windows_ansi_0_0_3_jar.xml ...
Writing libraries/jna_5_10_0_jar.xml ...
Writing libraries/jna_platform_5_10_0_jar.xml ...
Writing mill_modules/foo.iml ...
